<?xml version="1.0" encoding="UTF-8"?>
<!-- Generated by org.testng.reporters.JUnitReportReporter -->
<testsuite skipped="0" hostname="DESKTOP-QOO588T" name="appium_virtual_real.Scrolling_vertical" tests="1" failures="0" timestamp="2020-08-09T17:34:49 IST" time="29.271" errors="0">
  <testcase name="ApidemoAppTest" time="29.271" classname="appium_virtual_real.Scrolling_vertical"/>
  <system-out/>
</testsuite> <!-- appium_virtual_real.Scrolling_vertical -->
